Starting at Sun May  9 13:43:44 EDT 2021
Job submitted to the gpu partition, the default partition on farnam
Job name: vsoc_graphclass, Job ID: 777365
  I have 1 CPUs and 50GiB of RAM on compute node c21n10.farnam.hpc.yale.internal
Restoring modules from user's deeplearningmods, for system: "farnam-rhel7"

CommandNotFoundError: Your shell has not been properly configured to use 'conda deactivate'.
To initialize your shell, run

    $ conda init <SHELL_NAME>

Currently supported shells are:
  - bash
  - fish
  - tcsh
  - xonsh
  - zsh
  - powershell

See 'conda init --help' for more information and options.

IMPORTANT: You may need to close and restart your shell after running 'conda init'.



Dataset: REDDIT-BINARY(2000):
====================
Number of graphs: 2000
Number of features: 1
Number of classes: 2

Data(edge_index=[2, 480], x=[218, 1], y=[1])
=============================================================
Number of nodes: 218
Number of edges: 480
Average node degree: 2.20
Contains isolated nodes: False
Contains self-loops: False
Is undirected: True
Number of training graphs: 1000
Number of test graphs: 1000
Created Model 

Starting training 

Epoch: 010, Train Acc: 0.5060, Test Acc: 0.4950
Epoch: 020, Train Acc: 0.6960, Test Acc: 0.7040
Epoch: 030, Train Acc: 0.6510, Test Acc: 0.6370
Epoch: 040, Train Acc: 0.6600, Test Acc: 0.6540
Epoch: 050, Train Acc: 0.5110, Test Acc: 0.5220
Epoch: 060, Train Acc: 0.5070, Test Acc: 0.5130
Epoch: 070, Train Acc: 0.5530, Test Acc: 0.5670
Epoch: 080, Train Acc: 0.5780, Test Acc: 0.5930
Epoch: 090, Train Acc: 0.5030, Test Acc: 0.5110
Epoch: 100, Train Acc: 0.5210, Test Acc: 0.5310
Epoch: 110, Train Acc: 0.5340, Test Acc: 0.5490
Epoch: 120, Train Acc: 0.5130, Test Acc: 0.5250
Epoch: 130, Train Acc: 0.5260, Test Acc: 0.5350
Epoch: 140, Train Acc: 0.5430, Test Acc: 0.5540
Epoch: 150, Train Acc: 0.5160, Test Acc: 0.5280
Epoch: 160, Train Acc: 0.5450, Test Acc: 0.5590
Epoch: 170, Train Acc: 0.6050, Test Acc: 0.6250
Epoch: 180, Train Acc: 0.5490, Test Acc: 0.5730
Epoch: 190, Train Acc: 0.5750, Test Acc: 0.5900
Epoch: 200, Train Acc: 0.5550, Test Acc: 0.5690

Dataset: REDDIT-BINARY(2000):
====================
Number of graphs: 2000
Number of features: 1
Number of classes: 2

Data(edge_index=[2, 480], x=[218, 1], y=[1])
=============================================================
Number of nodes: 218
Number of edges: 480
Average node degree: 2.20
Contains isolated nodes: False
Contains self-loops: False
Is undirected: True
Number of training graphs: 1000
Number of test graphs: 1000
Created Model 

Starting training 

Epoch: 010, Train Acc: 0.5060, Test Acc: 0.4940
Epoch: 020, Train Acc: 0.5060, Test Acc: 0.4940
Epoch: 030, Train Acc: 0.5060, Test Acc: 0.4940
Epoch: 040, Train Acc: 0.5060, Test Acc: 0.4940
Epoch: 050, Train Acc: 0.5060, Test Acc: 0.4940
Epoch: 060, Train Acc: 0.5060, Test Acc: 0.4940
Epoch: 070, Train Acc: 0.5060, Test Acc: 0.4940
Epoch: 080, Train Acc: 0.5060, Test Acc: 0.4940
Epoch: 090, Train Acc: 0.5060, Test Acc: 0.4940
Epoch: 100, Train Acc: 0.5060, Test Acc: 0.4940
Epoch: 110, Train Acc: 0.5060, Test Acc: 0.4940
Epoch: 120, Train Acc: 0.5060, Test Acc: 0.4940
Epoch: 130, Train Acc: 0.5060, Test Acc: 0.4940
Epoch: 140, Train Acc: 0.5060, Test Acc: 0.4940
Epoch: 150, Train Acc: 0.5060, Test Acc: 0.4940
Epoch: 160, Train Acc: 0.5060, Test Acc: 0.4940
Epoch: 170, Train Acc: 0.5060, Test Acc: 0.4940
Epoch: 180, Train Acc: 0.5060, Test Acc: 0.4940
Epoch: 190, Train Acc: 0.5060, Test Acc: 0.4940
Epoch: 200, Train Acc: 0.5060, Test Acc: 0.4940
